Determining if the pthread_create exist failed with the following output:
Change Dir: /root/ros/ros_test/build/CMakeFiles/CMakeTmp

Run Build Command:"/usr/bin/make" "cmTC_d345b/fast"
/usr/bin/make -f CMakeFiles/cmTC_d345b.dir/build.make CMakeFiles/cmTC_d345b.dir/build
make[1]: Entering directory '/root/ros/ros_test/build/CMakeFiles/CMakeTmp'
Building C object CMakeFiles/cmTC_d345b.dir/CheckSymbolExists.c.o
/usr/bin/cc     -o CMakeFiles/cmTC_d345b.dir/CheckSymbolExists.c.o   -c /root/ros/ros_test/build/CMakeFiles/CMakeTmp/CheckSymbolExists.c
Linking C executable cmTC_d345b
/usr/bin/cmake -E cmake_link_script CMakeFiles/cmTC_d345b.dir/link.txt --verbose=1
/usr/bin/cc       CMakeFiles/cmTC_d345b.dir/CheckSymbolExists.c.o  -o cmTC_d345b -rdynamic 
CMakeFiles/cmTC_d345b.dir/CheckSymbolExists.c.o: In function `main':
CheckSymbolExists.c:(.text+0x16): undefined reference to `pthread_create'
collect2: error: ld returned 1 exit status
CMakeFiles/cmTC_d345b.dir/build.make:97: recipe for target 'cmTC_d345b' failed
make[1]: *** [cmTC_d345b] Error 1
make[1]: Leaving directory '/root/ros/ros_test/build/CMakeFiles/CMakeTmp'
Makefile:126: recipe for target 'cmTC_d345b/fast' failed
make: *** [cmTC_d345b/fast] Error 2

File /root/ros/ros_test/build/CMakeFiles/CMakeTmp/CheckSymbolExists.c:
/* */
#include <pthread.h>

int main(int argc, char** argv)
{
  (void)argv;
#ifndef pthread_create
  return ((int*)(&pthread_create))[argc];
#else
  (void)argc;
  return 0;
#endif
}

Determining if the function pthread_create exists in the pthreads failed with the following output:
Change Dir: /root/ros/ros_test/build/CMakeFiles/CMakeTmp

Run Build Command:"/usr/bin/make" "cmTC_cd353/fast"
/usr/bin/make -f CMakeFiles/cmTC_cd353.dir/build.make CMakeFiles/cmTC_cd353.dir/build
make[1]: Entering directory '/root/ros/ros_test/build/CMakeFiles/CMakeTmp'
Building C object CMakeFiles/cmTC_cd353.dir/CheckFunctionExists.c.o
/usr/bin/cc    -DCHECK_FUNCTION_EXISTS=pthread_create   -o CMakeFiles/cmTC_cd353.dir/CheckFunctionExists.c.o   -c /usr/share/cmake-3.5/Modules/CheckFunctionExists.c
Linking C executable cmTC_cd353
/usr/bin/cmake -E cmake_link_script CMakeFiles/cmTC_cd353.dir/link.txt --verbose=1
/usr/bin/cc   -DCHECK_FUNCTION_EXISTS=pthread_create    CMakeFiles/cmTC_cd353.dir/CheckFunctionExists.c.o  -o cmTC_cd353 -rdynamic -lpthreads 
/usr/bin/ld: cannot find -lpthreads
collect2: error: ld returned 1 exit status
CMakeFiles/cmTC_cd353.dir/build.make:97: recipe for target 'cmTC_cd353' failed
make[1]: *** [cmTC_cd353] Error 1
make[1]: Leaving directory '/root/ros/ros_test/build/CMakeFiles/CMakeTmp'
Makefile:126: recipe for target 'cmTC_cd353/fast' failed
make: *** [cmTC_cd353/fast] Error 2


